0 info it worked if it ends with ok
1 verbose cli [ '/Users/tor/.nvm/versions/node/v6.2.0/bin/node',
1 verbose cli   '/Users/tor/.nvm/versions/node/v6.2.0/bin/npm',
1 verbose cli   'run',
1 verbose cli   'start-closure' ]
2 info using npm@3.8.9
3 info using node@v6.2.0
4 verbose run-script [ 'prestart-closure', 'start-closure', 'poststart-closure' ]
5 info lifecycle @~prestart-closure: @
6 silly lifecycle @~prestart-closure: no script for prestart-closure, continuing
7 info lifecycle @~start-closure: @
8 verbose lifecycle @~start-closure: unsafe-perm in lifecycle true
9 verbose lifecycle @~start-closure: PATH: /Users/tor/.nvm/versions/node/v6.2.0/lib/node_modules/npm/bin/node-gyp-bin:/Users/tor/Development/tree-shaking/node_modules/.bin:/Users/tor/.nvm/versions/node/v6.2.0/bin:/Users/tor/.nvm/versions/node/v6.2.0/bin:/Library/Frameworks/Python.framework/Versions/3.4/bin:/Library/Frameworks/Python.framework/Versions/3.4/bin:/Users/tor/.rvm/gems/ruby-2.0.0-p353/bin:/Users/tor/.rvm/gems/ruby-2.0.0-p353@global/bin:/Users/tor/.rvm/rubies/ruby-2.0.0-p353/bin:/Users/tor/.rvm/bin:/usr/local/bin:/usr/bin:/bin:/usr/sbin:/sbin:/usr/local/git/bin
10 verbose lifecycle @~start-closure: CWD: /Users/tor/Development/tree-shaking
11 silly lifecycle @~start-closure: Args: [ '-c', 'lite-server -c bs-config-closure.js' ]
12 silly lifecycle @~start-closure: Returned: code: 1  signal: null
13 info lifecycle @~start-closure: Failed to exec start-closure script
14 verbose stack Error: @ start-closure: `lite-server -c bs-config-closure.js`
14 verbose stack Exit status 1
14 verbose stack     at EventEmitter.<anonymous> (/Users/tor/.nvm/versions/node/v6.2.0/lib/node_modules/npm/lib/utils/lifecycle.js:245:16)
14 verbose stack     at emitTwo (events.js:106:13)
14 verbose stack     at EventEmitter.emit (events.js:191:7)
14 verbose stack     at ChildProcess.<anonymous> (/Users/tor/.nvm/versions/node/v6.2.0/lib/node_modules/npm/lib/utils/spawn.js:24:14)
14 verbose stack     at emitTwo (events.js:106:13)
14 verbose stack     at ChildProcess.emit (events.js:191:7)
14 verbose stack     at maybeClose (internal/child_process.js:850:16)
14 verbose stack     at Process.ChildProcess._handle.onexit (internal/child_process.js:215:5)
15 verbose pkgid @
16 verbose cwd /Users/tor/Development/tree-shaking
17 error Darwin 14.5.0
18 error argv "/Users/tor/.nvm/versions/node/v6.2.0/bin/node" "/Users/tor/.nvm/versions/node/v6.2.0/bin/npm" "run" "start-closure"
19 error node v6.2.0
20 error npm  v3.8.9
21 error code ELIFECYCLE
22 error @ start-closure: `lite-server -c bs-config-closure.js`
22 error Exit status 1
23 error Failed at the @ start-closure script 'lite-server -c bs-config-closure.js'.
23 error Make sure you have the latest version of node.js and npm installed.
23 error If you do, this is most likely a problem with the  package,
23 error not with npm itself.
23 error Tell the author that this fails on your system:
23 error     lite-server -c bs-config-closure.js
23 error You can get information on how to open an issue for this project with:
23 error     npm bugs
23 error Or if that isn't available, you can get their info via:
23 error     npm owner ls
23 error There is likely additional logging output above.
24 verbose exit [ 1, true ]
